<?xml version="1.0" encoding="UTF-8"?>
<coverage generated="1752105825857" clover="3.2.0">
  <project timestamp="1752105825857" name="All files">
    <metrics statements="23" coveredstatements="22" conditionals="20" coveredconditionals="19" methods="6" coveredmethods="6" elements="49" coveredelements="47" complexity="0" loc="23" ncloc="23" packages="1" files="1" classes="1"/>
    <file name="feature-flag.service.ts" path="C:\Users\alber\OneDrive\Desktop\Proyecto Tópicos\ProyectoTEP\src\feature-flag.service.ts">
      <metrics statements="23" coveredstatements="22" conditionals="20" coveredconditionals="19" methods="6" coveredmethods="6"/>
      <line num="4" count="1" type="stmt"/>
      <line num="9" count="18" type="cond" truecount="1" falsecount="1"/>
      <line num="10" count="0" type="stmt"/>
      <line num="12" count="18" type="cond" truecount="4" falsecount="0"/>
      <line num="13" count="1" type="stmt"/>
      <line num="15" count="17" type="stmt"/>
      <line num="16" count="17" type="stmt"/>
      <line num="20" count="15" type="stmt"/>
      <line num="22" count="15" type="cond" truecount="2" falsecount="0"/>
      <line num="23" count="2" type="stmt"/>
      <line num="24" count="2" type="stmt"/>
      <line num="28" count="13" type="stmt"/>
      <line num="29" count="13" type="cond" truecount="2" falsecount="0"/>
      <line num="30" count="5" type="stmt"/>
      <line num="35" count="8" type="cond" truecount="4" falsecount="0"/>
      <line num="36" count="4" type="stmt"/>
      <line num="39" count="4" type="cond" truecount="2" falsecount="0"/>
      <line num="46" count="4" type="cond" truecount="4" falsecount="0"/>
      <line num="47" count="1" type="stmt"/>
      <line num="49" count="3" type="stmt"/>
      <line num="53" count="2" type="stmt"/>
      <line num="57" count="4" type="stmt"/>
      <line num="61" count="2" type="stmt"/>
    </file>
  </project>
</coverage>
