{"C:\\Users\\alber\\OneDrive\\Desktop\\Proyecto Tópicos\\ProyectoTEP\\src\\feature-flag.service.ts": {"path":"C:\\Users\\alber\\OneDrive\\Desktop\\Proyecto Tópicos\\ProyectoTEP\\src\\feature-flag.service.ts","statementMap":{"0":{"start":{"line":9,"column":4},"end":{"line":11,"column":5}},"1":{"start":{"line":10,"column":6},"end":{"line":10,"column":73}},"2":{"start":{"line":12,"column":4},"end":{"line":14,"column":5}},"3":{"start":{"line":13,"column":6},"end":{"line":13,"column":81}},"4":{"start":{"line":15,"column":4},"end":{"line":15,"column":25}},"5":{"start":{"line":16,"column":4},"end":{"line":16,"column":42}},"6":{"start":{"line":20,"column":25},"end":{"line":20,"column":46}},"7":{"start":{"line":22,"column":4},"end":{"line":25,"column":5}},"8":{"start":{"line":23,"column":6},"end":{"line":23,"column":122}},"9":{"start":{"line":24,"column":6},"end":{"line":24,"column":19}},"10":{"start":{"line":28,"column":33},"end":{"line":28,"column":92}},"11":{"start":{"line":29,"column":4},"end":{"line":31,"column":5}},"12":{"start":{"line":30,"column":6},"end":{"line":30,"column":19}},"13":{"start":{"line":35,"column":4},"end":{"line":40,"column":5}},"14":{"start":{"line":36,"column":6},"end":{"line":36,"column":18}},"15":{"start":{"line":39,"column":6},"end":{"line":39,"column":62}},"16":{"start":{"line":46,"column":4},"end":{"line":48,"column":5}},"17":{"start":{"line":47,"column":6},"end":{"line":47,"column":108}},"18":{"start":{"line":49,"column":4},"end":{"line":49,"column":42}},"19":{"start":{"line":53,"column":4},"end":{"line":53,"column":33}},"20":{"start":{"line":57,"column":4},"end":{"line":57,"column":30}},"21":{"start":{"line":61,"column":4},"end":{"line":61,"column":28}},"22":{"start":{"line":4,"column":0},"end":{"line":4,"column":13}}},"fnMap":{"0":{"name":"(anonymous_0)","decl":{"start":{"line":8,"column":2},"end":{"line":8,"column":14}},"loc":{"start":{"line":8,"column":85},"end":{"line":17,"column":3}}},"1":{"name":"(anonymous_1)","decl":{"start":{"line":19,"column":9},"end":{"line":19,"column":25}},"loc":{"start":{"line":19,"column":57},"end":{"line":41,"column":3}}},"2":{"name":"(anonymous_2)","decl":{"start":{"line":45,"column":9},"end":{"line":45,"column":23}},"loc":{"start":{"line":45,"column":60},"end":{"line":50,"column":3}}},"3":{"name":"(anonymous_3)","decl":{"start":{"line":52,"column":9},"end":{"line":52,"column":23}},"loc":{"start":{"line":52,"column":40},"end":{"line":54,"column":3}}},"4":{"name":"(anonymous_4)","decl":{"start":{"line":56,"column":9},"end":{"line":56,"column":27}},"loc":{"start":{"line":56,"column":27},"end":{"line":58,"column":3}}},"5":{"name":"(anonymous_5)","decl":{"start":{"line":60,"column":9},"end":{"line":60,"column":21}},"loc":{"start":{"line":60,"column":58},"end":{"line":62,"column":3}}}},"branchMap":{"0":{"loc":{"start":{"line":9,"column":4},"end":{"line":11,"column":5}},"type":"if","locations":[{"start":{"line":9,"column":4},"end":{"line":11,"column":5}},{"start":{},"end":{}}]},"1":{"loc":{"start":{"line":12,"column":4},"end":{"line":14,"column":5}},"type":"if","locations":[{"start":{"line":12,"column":4},"end":{"line":14,"column":5}},{"start":{},"end":{}}]},"2":{"loc":{"start":{"line":12,"column":8},"end":{"line":12,"column":70}},"type":"binary-expr","locations":[{"start":{"line":12,"column":8},"end":{"line":12,"column":20}},{"start":{"line":12,"column":24},"end":{"line":12,"column":70}}]},"3":{"loc":{"start":{"line":22,"column":4},"end":{"line":25,"column":5}},"type":"if","locations":[{"start":{"line":22,"column":4},"end":{"line":25,"column":5}},{"start":{},"end":{}}]},"4":{"loc":{"start":{"line":29,"column":4},"end":{"line":31,"column":5}},"type":"if","locations":[{"start":{"line":29,"column":4},"end":{"line":31,"column":5}},{"start":{},"end":{}}]},"5":{"loc":{"start":{"line":35,"column":4},"end":{"line":40,"column":5}},"type":"if","locations":[{"start":{"line":35,"column":4},"end":{"line":40,"column":5}},{"start":{"line":37,"column":11},"end":{"line":40,"column":5}}]},"6":{"loc":{"start":{"line":35,"column":8},"end":{"line":35,"column":62}},"type":"binary-expr","locations":[{"start":{"line":35,"column":8},"end":{"line":35,"column":27}},{"start":{"line":35,"column":31},"end":{"line":35,"column":62}}]},"7":{"loc":{"start":{"line":39,"column":13},"end":{"line":39,"column":61}},"type":"cond-expr","locations":[{"start":{"line":39,"column":20},"end":{"line":39,"column":53}},{"start":{"line":39,"column":56},"end":{"line":39,"column":61}}]},"8":{"loc":{"start":{"line":46,"column":4},"end":{"line":48,"column":5}},"type":"if","locations":[{"start":{"line":46,"column":4},"end":{"line":48,"column":5}},{"start":{},"end":{}}]},"9":{"loc":{"start":{"line":46,"column":8},"end":{"line":46,"column":70}},"type":"binary-expr","locations":[{"start":{"line":46,"column":8},"end":{"line":46,"column":20}},{"start":{"line":46,"column":24},"end":{"line":46,"column":70}}]}},"s":{"0":18,"1":0,"2":18,"3":1,"4":17,"5":17,"6":15,"7":15,"8":2,"9":2,"10":13,"11":13,"12":5,"13":8,"14":4,"15":4,"16":4,"17":1,"18":3,"19":2,"20":4,"21":2,"22":1},"f":{"0":18,"1":15,"2":4,"3":2,"4":4,"5":2},"b":{"0":[0,18],"1":[1,17],"2":[18,18],"3":[2,13],"4":[5,8],"5":[4,4],"6":[8,6],"7":[2,2],"8":[1,3],"9":[4,4]}}
}
