{"C:\\Users\\alber\\OneDrive\\Desktop\\Proyecto Tópicos\\ProyectoTEP\\src\\feature-flag.service.ts": {"path":"C:\\Users\\alber\\OneDrive\\Desktop\\Proyecto Tópicos\\ProyectoTEP\\src\\feature-flag.service.ts","statementMap":{"0":{"start":{"line":16,"column":4},"end":{"line":18,"column":5}},"1":{"start":{"line":17,"column":6},"end":{"line":17,"column":73}},"2":{"start":{"line":19,"column":4},"end":{"line":21,"column":5}},"3":{"start":{"line":20,"column":6},"end":{"line":20,"column":81}},"4":{"start":{"line":22,"column":4},"end":{"line":22,"column":25}},"5":{"start":{"line":23,"column":4},"end":{"line":23,"column":42}},"6":{"start":{"line":35,"column":25},"end":{"line":35,"column":46}},"7":{"start":{"line":37,"column":4},"end":{"line":40,"column":5}},"8":{"start":{"line":38,"column":6},"end":{"line":38,"column":142}},"9":{"start":{"line":39,"column":6},"end":{"line":39,"column":19}},"10":{"start":{"line":43,"column":33},"end":{"line":43,"column":92}},"11":{"start":{"line":44,"column":4},"end":{"line":46,"column":5}},"12":{"start":{"line":45,"column":6},"end":{"line":45,"column":19}},"13":{"start":{"line":50,"column":4},"end":{"line":55,"column":5}},"14":{"start":{"line":51,"column":6},"end":{"line":51,"column":18}},"15":{"start":{"line":54,"column":6},"end":{"line":54,"column":62}},"16":{"start":{"line":64,"column":4},"end":{"line":66,"column":5}},"17":{"start":{"line":65,"column":6},"end":{"line":65,"column":108}},"18":{"start":{"line":67,"column":4},"end":{"line":67,"column":42}},"19":{"start":{"line":76,"column":4},"end":{"line":76,"column":33}},"20":{"start":{"line":84,"column":4},"end":{"line":84,"column":30}},"21":{"start":{"line":93,"column":4},"end":{"line":93,"column":28}},"22":{"start":{"line":107,"column":30},"end":{"line":107,"column":57}},"23":{"start":{"line":112,"column":4},"end":{"line":118,"column":6}},"24":{"start":{"line":5,"column":0},"end":{"line":5,"column":13}}},"fnMap":{"0":{"name":"(anonymous_0)","decl":{"start":{"line":15,"column":2},"end":{"line":15,"column":14}},"loc":{"start":{"line":15,"column":85},"end":{"line":24,"column":3}}},"1":{"name":"(anonymous_1)","decl":{"start":{"line":34,"column":9},"end":{"line":34,"column":25}},"loc":{"start":{"line":34,"column":57},"end":{"line":56,"column":3}}},"2":{"name":"(anonymous_2)","decl":{"start":{"line":63,"column":9},"end":{"line":63,"column":23}},"loc":{"start":{"line":63,"column":60},"end":{"line":68,"column":3}}},"3":{"name":"(anonymous_3)","decl":{"start":{"line":75,"column":9},"end":{"line":75,"column":23}},"loc":{"start":{"line":75,"column":40},"end":{"line":77,"column":3}}},"4":{"name":"(anonymous_4)","decl":{"start":{"line":83,"column":9},"end":{"line":83,"column":27}},"loc":{"start":{"line":83,"column":27},"end":{"line":85,"column":3}}},"5":{"name":"(anonymous_5)","decl":{"start":{"line":92,"column":9},"end":{"line":92,"column":21}},"loc":{"start":{"line":92,"column":58},"end":{"line":94,"column":3}}},"6":{"name":"(anonymous_6)","decl":{"start":{"line":104,"column":9},"end":{"line":104,"column":26}},"loc":{"start":{"line":104,"column":94},"end":{"line":119,"column":3}}}},"branchMap":{"0":{"loc":{"start":{"line":16,"column":4},"end":{"line":18,"column":5}},"type":"if","locations":[{"start":{"line":16,"column":4},"end":{"line":18,"column":5}},{"start":{},"end":{}}]},"1":{"loc":{"start":{"line":19,"column":4},"end":{"line":21,"column":5}},"type":"if","locations":[{"start":{"line":19,"column":4},"end":{"line":21,"column":5}},{"start":{},"end":{}}]},"2":{"loc":{"start":{"line":19,"column":8},"end":{"line":19,"column":70}},"type":"binary-expr","locations":[{"start":{"line":19,"column":8},"end":{"line":19,"column":20}},{"start":{"line":19,"column":24},"end":{"line":19,"column":70}}]},"3":{"loc":{"start":{"line":37,"column":4},"end":{"line":40,"column":5}},"type":"if","locations":[{"start":{"line":37,"column":4},"end":{"line":40,"column":5}},{"start":{},"end":{}}]},"4":{"loc":{"start":{"line":44,"column":4},"end":{"line":46,"column":5}},"type":"if","locations":[{"start":{"line":44,"column":4},"end":{"line":46,"column":5}},{"start":{},"end":{}}]},"5":{"loc":{"start":{"line":50,"column":4},"end":{"line":55,"column":5}},"type":"if","locations":[{"start":{"line":50,"column":4},"end":{"line":55,"column":5}},{"start":{"line":52,"column":11},"end":{"line":55,"column":5}}]},"6":{"loc":{"start":{"line":50,"column":8},"end":{"line":50,"column":62}},"type":"binary-expr","locations":[{"start":{"line":50,"column":8},"end":{"line":50,"column":27}},{"start":{"line":50,"column":31},"end":{"line":50,"column":62}}]},"7":{"loc":{"start":{"line":54,"column":13},"end":{"line":54,"column":61}},"type":"cond-expr","locations":[{"start":{"line":54,"column":20},"end":{"line":54,"column":53}},{"start":{"line":54,"column":56},"end":{"line":54,"column":61}}]},"8":{"loc":{"start":{"line":64,"column":4},"end":{"line":66,"column":5}},"type":"if","locations":[{"start":{"line":64,"column":4},"end":{"line":66,"column":5}},{"start":{},"end":{}}]},"9":{"loc":{"start":{"line":64,"column":8},"end":{"line":64,"column":70}},"type":"binary-expr","locations":[{"start":{"line":64,"column":8},"end":{"line":64,"column":20}},{"start":{"line":64,"column":24},"end":{"line":64,"column":70}}]},"10":{"loc":{"start":{"line":107,"column":30},"end":{"line":107,"column":57}},"type":"binary-expr","locations":[{"start":{"line":107,"column":30},"end":{"line":107,"column":51}},{"start":{"line":107,"column":55},"end":{"line":107,"column":57}}]}},"s":{"0":23,"1":0,"2":23,"3":1,"4":22,"5":22,"6":16,"7":16,"8":2,"9":2,"10":14,"11":14,"12":6,"13":8,"14":4,"15":4,"16":5,"17":1,"18":4,"19":12,"20":4,"21":2,"22":8,"23":8,"24":1},"f":{"0":23,"1":16,"2":5,"3":12,"4":4,"5":2,"6":8},"b":{"0":[0,23],"1":[1,22],"2":[23,23],"3":[2,14],"4":[6,8],"5":[4,4],"6":[8,6],"7":[2,2],"8":[1,4],"9":[5,5],"10":[8,2]}}
}
