TN:
SF:src\feature-flag.service.ts
FN:8,(anonymous_0)
FN:19,(anonymous_1)
FN:45,(anonymous_2)
FN:52,(anonymous_3)
FN:56,(anonymous_4)
FN:60,(anonymous_5)
FNF:6
FNH:6
FNDA:18,(anonymous_0)
FNDA:15,(anonymous_1)
FNDA:4,(anonymous_2)
FNDA:2,(anonymous_3)
FNDA:4,(anonymous_4)
FNDA:2,(anonymous_5)
DA:4,1
DA:9,18
DA:10,0
DA:12,18
DA:13,1
DA:15,17
DA:16,17
DA:20,15
DA:22,15
DA:23,2
DA:24,2
DA:28,13
DA:29,13
DA:30,5
DA:35,8
DA:36,4
DA:39,4
DA:46,4
DA:47,1
DA:49,3
DA:53,2
DA:57,4
DA:61,2
LF:23
LH:22
BRDA:9,0,0,0
BRDA:9,0,1,18
BRDA:12,1,0,1
BRDA:12,1,1,17
BRDA:12,2,0,18
BRDA:12,2,1,18
BRDA:22,3,0,2
BRDA:22,3,1,13
BRDA:29,4,0,5
BRDA:29,4,1,8
BRDA:35,5,0,4
BRDA:35,5,1,4
BRDA:35,6,0,8
BRDA:35,6,1,6
BRDA:39,7,0,2
BRDA:39,7,1,2
BRDA:46,8,0,1
BRDA:46,8,1,3
BRDA:46,9,0,4
BRDA:46,9,1,4
BRF:20
BRH:19
end_of_record
