TN:
SF:src\feature-flag.service.ts
FN:15,(anonymous_0)
FN:34,(anonymous_1)
FN:63,(anonymous_2)
FN:75,(anonymous_3)
FN:83,(anonymous_4)
FN:92,(anonymous_5)
FN:104,(anonymous_6)
FNF:7
FNH:7
FNDA:23,(anonymous_0)
FNDA:16,(anonymous_1)
FNDA:5,(anonymous_2)
FNDA:12,(anonymous_3)
FNDA:4,(anonymous_4)
FNDA:2,(anonymous_5)
FNDA:8,(anonymous_6)
DA:5,1
DA:16,23
DA:17,0
DA:19,23
DA:20,1
DA:22,22
DA:23,22
DA:35,16
DA:37,16
DA:38,2
DA:39,2
DA:43,14
DA:44,14
DA:45,6
DA:50,8
DA:51,4
DA:54,4
DA:64,5
DA:65,1
DA:67,4
DA:76,12
DA:84,4
DA:93,2
DA:107,8
DA:112,8
LF:25
LH:24
BRDA:16,0,0,0
BRDA:16,0,1,23
BRDA:19,1,0,1
BRDA:19,1,1,22
BRDA:19,2,0,23
BRDA:19,2,1,23
BRDA:37,3,0,2
BRDA:37,3,1,14
BRDA:44,4,0,6
BRDA:44,4,1,8
BRDA:50,5,0,4
BRDA:50,5,1,4
BRDA:50,6,0,8
BRDA:50,6,1,6
BRDA:54,7,0,2
BRDA:54,7,1,2
BRDA:64,8,0,1
BRDA:64,8,1,4
BRDA:64,9,0,5
BRDA:64,9,1,5
BRDA:107,10,0,8
BRDA:107,10,1,2
BRF:22
BRH:21
end_of_record
